<?xml version="1.0" encoding="UTF-8"?>
<testsuite name="SillyTest" tests="1" skipped="0" failures="0" errors="0" timestamp="2023-05-12T04:56:33" hostname="ANDY" time="0.02">
  <properties/>
  <testcase name="testTask2" classname="SillyTest" time="0.02"/>
  <system-out><![CDATA[]]></system-out>
  <system-err><![CDATA[]]></system-err>
</testsuite>
